\BOOKMARK [0][-]{chapter.1}{Introduction}{}% 1
\BOOKMARK [0][-]{chapter.2}{Executive Summary}{}% 2
\BOOKMARK [1][-]{section.2.1}{Planning}{chapter.2}% 3
\BOOKMARK [2][-]{subsection.2.1.1}{Approach}{section.2.1}% 4
\BOOKMARK [2][-]{subsection.2.1.2}{Scope}{section.2.1}% 5
\BOOKMARK [2][-]{subsection.2.1.3}{Objectives}{section.2.1}% 6
\BOOKMARK [1][-]{section.2.2}{Methodology}{chapter.2}% 7
\BOOKMARK [2][-]{subsection.2.2.1}{Information Gathering}{section.2.2}% 8
\BOOKMARK [2][-]{subsection.2.2.2}{System Attacks}{section.2.2}% 9
\BOOKMARK [1][-]{section.2.3}{Summary of Findings}{chapter.2}% 10
\BOOKMARK [0][-]{chapter.3}{Key Findings}{}% 11
\BOOKMARK [1][-]{section.3.1}{Auction Site}{chapter.3}% 12
\BOOKMARK [2][-]{subsection.3.1.1}{Path Traversal}{section.3.1}% 13
\BOOKMARK [2][-]{subsection.3.1.2}{SQL Injection}{section.3.1}% 14
\BOOKMARK [2][-]{subsection.3.1.3}{Weak Authentication}{section.3.1}% 15
\BOOKMARK [1][-]{section.3.2}{SRV1 - Windows Server}{chapter.3}% 16
\BOOKMARK [2][-]{subsection.3.2.1}{RDP bruteforce}{section.3.2}% 17
\BOOKMARK [2][-]{subsection.3.2.2}{Insecure privileges}{section.3.2}% 18
\BOOKMARK [2][-]{subsection.3.2.3}{Weak passwords}{section.3.2}% 19
\BOOKMARK [1][-]{section.3.3}{SRV2 - Linux Server}{chapter.3}% 20
\BOOKMARK [1][-]{section.3.4}{Ubuntu Client}{chapter.3}% 21
\BOOKMARK [2][-]{subsection.3.4.1}{SSH bruteforce}{section.3.4}% 22
\BOOKMARK [0][-]{chapter.4}{Recommendations}{}% 23
\BOOKMARK [1][-]{section.4.1}{Auction Site}{chapter.4}% 24
\BOOKMARK [2][-]{subsection.4.1.1}{Path Traversal}{section.4.1}% 25
\BOOKMARK [2][-]{subsection.4.1.2}{SQL Injection}{section.4.1}% 26
\BOOKMARK [2][-]{subsection.4.1.3}{Weak Authentication}{section.4.1}% 27
\BOOKMARK [1][-]{section.4.2}{SRV1 - Windows Server}{chapter.4}% 28
\BOOKMARK [2][-]{subsection.4.2.1}{RDP bruteforce}{section.4.2}% 29
\BOOKMARK [2][-]{subsection.4.2.2}{Insecure privileges}{section.4.2}% 30
\BOOKMARK [2][-]{subsection.4.2.3}{Weak passwords}{section.4.2}% 31
\BOOKMARK [1][-]{section.4.3}{SRV2 - Linux Server}{chapter.4}% 32
\BOOKMARK [1][-]{section.4.4}{Ubuntu Client}{chapter.4}% 33
\BOOKMARK [2][-]{subsection.4.4.1}{SSH bruteforce}{section.4.4}% 34
\BOOKMARK [0][-]{chapter.5}{Conclusion}{}% 35
\BOOKMARK [0][-]{chapter.6}{Appendices}{}% 36
\BOOKMARK [1][-]{section.6.1}{Appendix A: Python bruteforce script}{chapter.6}% 37
\BOOKMARK [1][-]{section.6.2}{Appendix B: Session enumeration script}{chapter.6}% 38
